2024-05-20 04:15:27,125 - DEBUG - __main__ - Setting up directories for saving results
2024-05-20 04:15:27,127 - INFO - __main__ - Successfully setup directories for saving results
2024-05-20 04:15:27,127 - DEBUG - __main__ - Reading the csv files...
2024-05-20 04:15:27,232 - INFO - __main__ - Successfully read the csv files...
2024-05-20 04:15:27,232 - DEBUG - __main__ - Classifying controlled releases with detection reports...
2024-05-20 04:15:34,511 - INFO - __main__ - Successfully classified controlled releases with detection reports...
2024-05-20 04:15:34,511 - DEBUG - __main__ - Computing metrics for the classified system...
2024-05-20 04:15:38,510 - INFO - __main__ - Successfully computed metrics for the classified system...
2024-05-20 04:15:38,510 - DEBUG - __main__ - Making summary graphs...
2024-05-20 04:15:40,745 - INFO - __main__ - Successfully plotted summary graphs...
2024-05-20 04:15:40,746 - DEBUG - __main__ - Make plots using the metrics figure builder...
2024-05-20 04:29:02,221 - INFO - __main__ - Successfully plotted figures using the metrics figurebuilder...
2024-05-20 04:29:02,221 - DEBUG - __main__ - Setting other variables to the dictionary...
2024-05-20 04:29:02,228 - INFO - __main__ - Successfully added paper variables to the varsDict
2024-05-20 04:29:02,228 - DEBUG - __main__ - Setting other variables to the dictionary...
2024-05-20 04:29:02,228 - INFO - __main__ - Successfully added other variables to the dictionary
2024-05-20 04:29:02,228 - DEBUG - __main__ - Setting operational factor and sectiontriggers...
2024-05-20 04:29:02,232 - INFO - __main__ - Successfully setup operational factors and sectiontriggers
2024-05-20 04:29:02,232 - DEBUG - __main__ - Writing output data to csv...
2024-05-20 04:29:02,479 - INFO - __main__ - Successfully wrote output data to csv
